<?xml version="1.0" encoding="UTF-8"?><testsuite errors="0" failures="0" name="duckduckgo.WhenSearchByKeywordInDuckduckgo" skipped="0" tests="4" time="140.38" timestamp="2019-11-19 01:55:17"><testcase classname="duckduckgo.WhenSearchByKeywordInDuckduckgo" name="Should see relevant search results22"/><testcase classname="duckduckgo.WhenSearchByKeywordInDuckduckgo" name="Should see relevant search results"/><testcase classname="duckduckgo.WhenSearchByKeywordInDuckduckgo" name="Should see content snippet22"/><testcase classname="duckduckgo.WhenSearchByKeywordInDuckduckgo" name="Should see content snippet"/></testsuite>