<?xml version="1.0" encoding="UTF-8"?><testsuite errors="1" failures="0" name="duckduckgo.WhenSearchByKeywordInDuckduckgoSecond" skipped="0" tests="4" time="63.76" timestamp="2019-11-19 12:35:52"><testcase classname="duckduckgo.WhenSearchByKeywordInDuckduckgoSecond" name="Should see relevant search results22"/><testcase classname="duckduckgo.WhenSearchByKeywordInDuckduckgoSecond" name="Should see relevant search results"><error message="element not interactable&#10;  (Session info: chrome=78.0.3904.97)&#10;Build info: version: '3.141.59', revision: 'e82be7d358', time: '2018-11-14T08:17:03'&#10;System info: host: 'WKWIN5703276', ip: '10.0.75.1', os.name: 'Windows 10', os.arch: 'amd64', os.version: '10.0', java.version: '1.8.0_221'&#10;Driver info: org.openqa.selenium.chrome.ChromeDriver&#10;Capabilities {acceptInsecureCerts: false, browserName: chrome, browserVersion: 78.0.3904.97, chrome: {chromedriverVersion: 78.0.3904.70 (edb9c9f3de024..., userDataDir: C:\Users\sreanugo\AppData\L...}, goog:chromeOptions: {debuggerAddress: localhost:64069}, javascriptEnabled: true, networkConnectionEnabled: false, pageLoadStrategy: normal, platform: XP, platformName: XP, proxy: Proxy(), setWindowRect: true, strictFileInteractability: false, timeouts: {implicit: 0, pageLoad: 300000, script: 30000}, unhandledPromptBehavior: dismiss and notify}&#10;Session ID: 9832d651439eba5b6b00b16779e87ff8" type="org.openqa.selenium.ElementNotInteractableException">element not interactable
  (Session info: chrome=78.0.3904.97)
Build info: version: '3.141.59', revision: 'e82be7d358', time: '2018-11-14T08:17:03'
System info: host: 'WKWIN5703276', ip: '10.0.75.1', os.name: 'Windows 10', os.arch: 'amd64', os.version: '10.0', java.version: '1.8.0_221'
Driver info: org.openqa.selenium.chrome.ChromeDriver
Capabilities {acceptInsecureCerts: false, browserName: chrome, browserVersion: 78.0.3904.97, chrome: {chromedriverVersion: 78.0.3904.70 (edb9c9f3de024..., userDataDir: C:\Users\sreanugo\AppData\L...}, goog:chromeOptions: {debuggerAddress: localhost:64069}, javascriptEnabled: true, networkConnectionEnabled: false, pageLoadStrategy: normal, platform: XP, platformName: XP, proxy: Proxy(), setWindowRect: true, strictFileInteractability: false, timeouts: {implicit: 0, pageLoad: 300000, script: 30000}, unhandledPromptBehavior: dismiss and notify}
Session ID: 9832d651439eba5b6b00b16779e87ff8</error><system-err>element not interactable
  (Session info: chrome=78.0.3904.97)
Build info: version: '3.141.59', revision: 'e82be7d358', time: '2018-11-14T08:17:03'
System info: host: 'WKWIN5703276', ip: '10.0.75.1', os.name: 'Windows 10', os.arch: 'amd64', os.version: '10.0', java.version: '1.8.0_221'
Driver info: org.openqa.selenium.chrome.ChromeDriver
Capabilities {acceptInsecureCerts: false, browserName: chrome, browserVersion: 78.0.3904.97, chrome: {chromedriverVersion: 78.0.3904.70 (edb9c9f3de024..., userDataDir: C:\Users\sreanugo\AppData\L...}, goog:chromeOptions: {debuggerAddress: localhost:64069}, javascriptEnabled: true, networkConnectionEnabled: false, pageLoadStrategy: normal, platform: XP, platformName: XP, proxy: Proxy(), setWindowRect: true, strictFileInteractability: false, timeouts: {implicit: 0, pageLoad: 300000, script: 30000}, unhandledPromptBehavior: dismiss and notify}
Session ID: 9832d651439eba5b6b00b16779e87ff8&#13;
duckduckgo.DuckDuckGoSearchPage.enterSearchKeyword(DuckDuckGoSearchPage.java:19)&#13;
duckduckgo.DuckDuckGoSearcher.searches_with_a_keyword(DuckDuckGoSearcher.java:18)&#13;
duckduckgo.WhenSearchByKeywordInDuckduckgoSecond.should_see_relevant_search_results(WhenSearchByKeywordInDuckduckgoSecond.java:22)&#13;
</system-err></testcase><testcase classname="duckduckgo.WhenSearchByKeywordInDuckduckgoSecond" name="Should see content snippet22"/><testcase classname="duckduckgo.WhenSearchByKeywordInDuckduckgoSecond" name="Should see content snippet"/></testsuite>